This is pdfTeX, Version 3.141592653-2.6-1.40.23 (MiKTeX 21.10) (preloaded format=pdflatex 2021.11.15)  18 NOV 2021 16:58
entering extended mode
**"./class project ii.tex"
(class project ii.tex
LaTeX2e <2020-10-01> patch level 2
L3 programming layer <2020-12-07> xparse <2020-03-03>
(C:\Users\adaobi\AppData\Local\Programs\MiKTeX\tex/latex/base\article.cls
Document Class: article 2020/04/10 v1.4m Standard LaTeX document class
(C:\Users\adaobi\AppData\Local\Programs\MiKTeX\tex/latex/base\size10.clo
File: size10.clo 2020/04/10 v1.4m Standard LaTeX file (size option)
)
\c@part=\count177
\c@section=\count178
\c@subsection=\count179
\c@subsubsection=\count180
\c@paragraph=\count181
\c@subparagraph=\count182
\c@figure=\count183
\c@table=\count184
\abovecaptionskip=\skip47
\belowcaptionskip=\skip48
\bibindent=\dimen138
)
(C:\Users\adaobi\AppData\Local\Programs\MiKTeX\tex/latex/tools\array.sty
Package: array 2019/08/31 v2.4l Tabular extension package (FMi)
\col@sep=\dimen139
\ar@mcellbox=\box47
\extrarowheight=\dimen140
\NC@list=\toks15
\extratabsurround=\skip49
\backup@length=\skip50
\ar@cellbox=\box48
)
(C:\Users\adaobi\AppData\Local\Programs\MiKTeX\tex/latex/xcolor\xcolor.sty
Package: xcolor 2016/05/11 v2.12 LaTeX color extensions (UK)

(C:\Users\adaobi\AppData\Local\Programs\MiKTeX\tex/latex/graphics-cfg\color.cfg
File: color.cfg 2016/01/02 v1.6 sample color configuration
)
Package xcolor Info: Driver file: pdftex.def on input line 225.

(C:\Users\adaobi\AppData\Local\Programs\MiKTeX\tex/latex/graphics-def\pdftex.de
f
File: pdftex.def 2020/10/05 v1.2a Graphics/color driver for pdftex
)
(C:\Users\adaobi\AppData\Local\Programs\MiKTeX\tex/latex/colortbl\colortbl.sty
Package: colortbl 2020/01/04 v1.0e Color table columns (DPC)
\everycr=\toks16
\minrowclearance=\skip51
)
\rownum=\count185
Package xcolor Info: Model `cmy' substituted by `cmy0' on input line 1348.
Package xcolor Info: Model `hsb' substituted by `rgb' on input line 1352.
Package xcolor Info: Model `RGB' extended on input line 1364.
Package xcolor Info: Model `HTML' substituted by `rgb' on input line 1366.
Package xcolor Info: Model `Hsb' substituted by `hsb' on input line 1367.
Package xcolor Info: Model `tHsb' substituted by `hsb' on input line 1368.
Package xcolor Info: Model `HSB' substituted by `hsb' on input line 1369.
Package xcolor Info: Model `Gray' substituted by `gray' on input line 1370.
Package xcolor Info: Model `wave' substituted by `hsb' on input line 1371.
)
(C:\Users\adaobi\AppData\Local\Programs\MiKTeX\tex/latex/l3backend\l3backend-pd
ftex.def
File: l3backend-pdftex.def 2020-09-24 L3 backend support: PDF output (pdfTeX)
\l__kernel_color_stack_int=\count186
\l__pdf_internal_box=\box49
) (class project ii.aux)
\openout1 = `"class project ii.aux"'.

LaTeX Font Info:    Checking defaults for OML/cmm/m/it on input line 10.
LaTeX Font Info:    ... okay on input line 10.
LaTeX Font Info:    Checking defaults for OMS/cmsy/m/n on input line 10.
LaTeX Font Info:    ... okay on input line 10.
LaTeX Font Info:    Checking defaults for OT1/cmr/m/n on input line 10.
LaTeX Font Info:    ... okay on input line 10.
LaTeX Font Info:    Checking defaults for T1/cmr/m/n on input line 10.
LaTeX Font Info:    ... okay on input line 10.
LaTeX Font Info:    Checking defaults for TS1/cmr/m/n on input line 10.
LaTeX Font Info:    ... okay on input line 10.
LaTeX Font Info:    Checking defaults for OMX/cmex/m/n on input line 10.
LaTeX Font Info:    ... okay on input line 10.
LaTeX Font Info:    Checking defaults for U/cmr/m/n on input line 10.
LaTeX Font Info:    ... okay on input line 10.

(C:\Users\adaobi\AppData\Local\Programs\MiKTeX\tex/context/base/mkii\supp-pdf.m
kii
[Loading MPS to PDF converter (version 2006.09.02).]
\scratchcounter=\count187
\scratchdimen=\dimen141
\scratchbox=\box50
\nofMPsegments=\count188
\nofMParguments=\count189
\everyMPshowfont=\toks17
\MPscratchCnt=\count190
\MPscratchDim=\dimen142
\MPnumerator=\count191
\makeMPintoPDFobject=\count192
\everyMPtoPDFconversion=\toks18
)
LaTeX Font Info:    External font `cmex10' loaded for size
(Font)              <9> on input line 16.
LaTeX Font Info:    External font `cmex10' loaded for size
(Font)              <6> on input line 16.
LaTeX Font Info:    External font `cmex10' loaded for size
(Font)              <5> on input line 16.

Overfull \hbox (10.7102pt too wide) in paragraph at lines 18--18
[]|\OT1/cmr/m/n/9 Race/Ethnicity| 
 []


Overfull \hbox (7.99411pt too wide) in paragraph at lines 28--28
[]|\OT1/cmr/m/n/9 free/reduced| 
 []


Overfull \hbox (7.99411pt too wide) in paragraph at lines 36--36
[]|\OT1/cmr/m/n/9 free/reduced| 
 []


Overfull \hbox (7.99411pt too wide) in paragraph at lines 38--38
[]|\OT1/cmr/m/n/9 free/reduced| 
 []


Overfull \hbox (7.99411pt too wide) in paragraph at lines 40--40
[]|\OT1/cmr/m/n/9 free/reduced| 
 []


Overfull \hbox (7.99411pt too wide) in paragraph at lines 42--42
[]|\OT1/cmr/m/n/9 free/redceud| 
 []


Overfull \hbox (7.99411pt too wide) in paragraph at lines 50--50
[]|\OT1/cmr/m/n/9 free/reduced| 
 []


Overfull \hbox (266.74875pt too wide) in paragraph at lines 16--54
 [] 
 []

[1

{C:/Users/adaobi/AppData/Local/MiKTeX/pdftex/config/pdftex.map}]
(class project ii.aux) ) 
Here is how much of TeX's memory you used:
 1458 strings out of 479689
 20595 string characters out of 2866501
 312170 words of memory out of 3000000
 18607 multiletter control sequences out of 15000+600000
 405253 words of font info for 33 fonts, out of 8000000 for 9000
 1141 hyphenation exceptions out of 8191
 52i,11n,59p,342b,303s stack positions out of 5000i,500n,10000p,200000b,80000s
<C:/Users/adaobi/AppData/Local/Programs/MiKTeX/fonts/ty
pe1/public/amsfonts/cm/cmr10.pfb><C:/Users/adaobi/AppData/Local/Programs/MiKTeX
/fonts/type1/public/amsfonts/cm/cmr9.pfb>
Output written on "class project ii.pdf" (1 page, 33071 bytes).
PDF statistics:
 14 PDF objects out of 1000 (max. 8388607)
 0 named destinations out of 1000 (max. 500000)
 1 words of extra memory for PDF output out of 10000 (max. 10000000)

